<?xml version="1.0" encoding="UTF-8"?>
<testng-results ignored="0" total="1" passed="1" failed="0" skipped="0">
  <reporter-output>
  </reporter-output>
  <suite started-at="2024-03-06T14:41:48 IST" name="Default suite" finished-at="2024-03-06T14:42:16 IST" duration-ms="28349">
    <groups>
    </groups>
    <test started-at="2024-03-06T14:41:48 IST" name="Default test" finished-at="2024-03-06T14:42:16 IST" duration-ms="28349">
      <class name="com.assignment.ecommerce.flipkartTest">
        <test-method signature="test()[pri:0, instance:com.assignment.ecommerce.flipkartTest@4f18837a]" started-at="2024-03-06T14:41:48 IST" name="test" finished-at="2024-03-06T14:42:16 IST" duration-ms="28286" status="PASS">
          <reporter-output>
          </reporter-output>
        </test-method> <!-- test -->
      </class> <!-- com.assignment.ecommerce.flipkartTest -->
    </test> <!-- Default test -->
  </suite> <!-- Default suite -->
</testng-results>
